
/home/runner/work/exp-integration-simpsons-rule-3-8-data-set-iitb/exp-integration-simpsons-rule-3-8-data-set-iitb/experiment/simulation/common_libraries/js/ts_components/collapse_step.js
   1:10  warning  'show_step' is defined but never used                 no-unused-vars
   2:5   warning  '$' is not defined                                    no-undef
   3:9   warning  '$' is not defined                                    no-undef
   6:10  warning  'hide_step' is defined but never used                 no-unused-vars
   7:5   warning  '$' is not defined                                    no-undef
   8:9   warning  '$' is not defined                                    no-undef
  11:10  warning  'get_collapse_btn_text' is defined but never used     no-unused-vars
  20:10  warning  'get_collapse_btn_element' is defined but never used  no-unused-vars
  29:10  warning  'hide_all_steps' is defined but never used            no-unused-vars
  31:9   warning  '$' is not defined                                    no-undef

/home/runner/work/exp-integration-simpsons-rule-3-8-data-set-iitb/exp-integration-simpsons-rule-3-8-data-set-iitb/experiment/simulation/common_libraries/js/ts_components/matrix.js
   27:26  warning  'MathJax' is not defined                                no-undef
   32:7   warning  'Matrix_Without_String' is defined but never used       no-unused-vars
   52:26  warning  'MathJax' is not defined                                no-undef
   56:10  warning  'get_matrix_html' is defined but never used             no-unused-vars
   87:13  warning  'row_html' is assigned a value but never used           no-unused-vars
   99:10  warning  'get_matrix_html_with_title' is defined but never used  no-unused-vars
  131:13  warning  'row_html' is assigned a value but never used           no-unused-vars
  143:10  warning  'convert_2d_to_1d_vector' is defined but never used     no-unused-vars
  156:10  warning  'convert_1d_to_2d_matrix' is defined but never used     no-unused-vars

/home/runner/work/exp-integration-simpsons-rule-3-8-data-set-iitb/exp-integration-simpsons-rule-3-8-data-set-iitb/experiment/simulation/common_libraries/js/ts_components/pannel.js
  8:7  warning  'Pannel' is defined but never used  no-unused-vars

/home/runner/work/exp-integration-simpsons-rule-3-8-data-set-iitb/exp-integration-simpsons-rule-3-8-data-set-iitb/experiment/simulation/common_libraries/js/ts_components/questions.js
   6:17  warning  'op1' is assigned a value but never used      no-unused-vars
   7:17  warning  'op2' is assigned a value but never used      no-unused-vars
   8:17  warning  'op3' is assigned a value but never used      no-unused-vars
   9:17  warning  'op4' is assigned a value but never used      no-unused-vars
  94:7   warning  'Question_Options' is defined but never used  no-unused-vars

/home/runner/work/exp-integration-simpsons-rule-3-8-data-set-iitb/exp-integration-simpsons-rule-3-8-data-set-iitb/experiment/simulation/common_libraries/js/ts_components/tables.js
   19:22  warning  'verify_values' is not defined                                     no-undef
  137:22  warning  'verify_values' is not defined                                     no-undef
  260:7   warning  'Verify_Rows_Cols_6_decimal_places' is defined but never used      no-unused-vars
  311:22  warning  'verify_values' is not defined                                     no-undef
  416:7   warning  'Verify_Rows_Cols_Custom_Fixed_Update1' is defined but never used  no-unused-vars
  468:7   warning  'Show_Table_Custom_Fixed' is defined but never used                no-unused-vars
  506:7   warning  'Verify_Rows_Cols_Strings' is defined but never used               no-unused-vars
  527:22  warning  'verify_values' is not defined                                     no-undef
  663:7   warning  'Display_Table' is defined but never used                          no-unused-vars

/home/runner/work/exp-integration-simpsons-rule-3-8-data-set-iitb/exp-integration-simpsons-rule-3-8-data-set-iitb/experiment/simulation/common_libraries/js/ts_math_library/general_math_functions.js
    1:10  warning  'verify_values' is defined but never used                   no-unused-vars
   17:10  warning  'random1' is defined but never used                         no-unused-vars
   21:10  warning  'std_deviation' is defined but never used                   no-unused-vars
   26:10  warning  'gauss' is defined but never used                           no-unused-vars
   56:10  warning  'hide_panel' is defined but never used                      no-unused-vars
   63:10  warning  'inverse_matrix' is defined but never used                  no-unused-vars
   96:10  warning  'matrix_multiplication' is defined but never used           no-unused-vars
  113:10  warning  'transpose_matrix' is defined but never used                no-unused-vars
  123:10  warning  'matrix_multiplication_8decimal' is defined but never used  no-unused-vars
  140:10  warning  'adjoint_2x2_matrix' is defined but never used              no-unused-vars
  145:10  warning  'find_deteminant' is defined but never used                 no-unused-vars
  174:10  warning  'get_Submatrix' is defined but never used                   no-unused-vars

/home/runner/work/exp-integration-simpsons-rule-3-8-data-set-iitb/exp-integration-simpsons-rule-3-8-data-set-iitb/experiment/simulation/common_libraries/js/ts_math_library/regression.js
   1:10  warning  'regression_linear' is defined but never used            no-unused-vars
  18:10  warning  'regression_linear_1variable' is defined but never used  no-unused-vars
  27:10  warning  'regression_linear_2variable' is defined but never used  no-unused-vars
  52:11  warning  'gauss' is not defined                                   no-undef

/home/runner/work/exp-integration-simpsons-rule-3-8-data-set-iitb/exp-integration-simpsons-rule-3-8-data-set-iitb/experiment/simulation/common_libraries/math.ob.js
  1:745  warning  'b' is already defined  no-redeclare

/home/runner/work/exp-integration-simpsons-rule-3-8-data-set-iitb/exp-integration-simpsons-rule-3-8-data-set-iitb/experiment/simulation/frameworks/math.ob.js
  1:745  warning  'b' is already defined  no-redeclare

/home/runner/work/exp-integration-simpsons-rule-3-8-data-set-iitb/exp-integration-simpsons-rule-3-8-data-set-iitb/experiment/simulation/js/simulation/frameworks/math.ob.js
  41:115  warning  'b' is already defined  no-redeclare

/home/runner/work/exp-integration-simpsons-rule-3-8-data-set-iitb/exp-integration-simpsons-rule-3-8-data-set-iitb/experiment/simulation/js/ts_simulation/activity1.js
   23:20  warning  'get_collapse_btn_text' is not defined               no-undef
   48:5   warning  'hide_all_steps' is not defined                      no-undef
   50:9   warning  'show_step' is not defined                           no-undef
   54:10  warning  'internal_calculations_1' is defined but never used  no-unused-vars
   55:5   warning  'generate_data' is not defined                       no-undef
   55:19  warning  'x_start' is not defined                             no-undef
   55:28  warning  'x' is not defined                                   no-undef
   55:31  warning  'y' is not defined                                   no-undef
   56:5   warning  'I' is not defined                                   no-undef
   57:5   warning  'I' is not defined                                   no-undef
   57:9   warning  'sim3by8' is not defined                             no-undef
   57:17  warning  'x' is not defined                                   no-undef
   57:20  warning  'y' is not defined                                   no-undef
   58:17  warning  'x' is not defined                                   no-undef
   59:17  warning  'y' is not defined                                   no-undef
   60:17  warning  'I' is not defined                                   no-undef
   66:25  warning  'x' is not defined                                   no-undef
   67:21  warning  'x' is not defined                                   no-undef
   68:35  warning  'x' is not defined                                   no-undef
   69:35  warning  'y' is not defined                                   no-undef
   86:21  warning  'Chart' is not defined                               no-undef
   89:21  warning  'x' is not defined                                   no-undef
   93:27  warning  'y' is not defined                                   no-undef
  130:10  warning  'load_I' is defined but never used                   no-unused-vars
  151:22  warning  'MathJax' is not defined                             no-undef
  202:10  warning  'verify_I' is defined but never used                 no-unused-vars
  207:17  warning  'I' is not defined                                   no-undef
  208:10  warning  'verify_values' is not defined                       no-undef
  208:60  warning  'I' is not defined                                   no-undef
  226:10  warning  'exp_complete' is defined but never used             no-unused-vars

/home/runner/work/exp-integration-simpsons-rule-3-8-data-set-iitb/exp-integration-simpsons-rule-3-8-data-set-iitb/experiment/simulation/js/ts_simulation/data.js
  1:5  warning  'x_start' is assigned a value but never used  no-unused-vars
  2:5  warning  'x' is assigned a value but never used        no-unused-vars
  3:5  warning  'y' is assigned a value but never used        no-unused-vars
  4:5  warning  'I' is defined but never used                 no-unused-vars

/home/runner/work/exp-integration-simpsons-rule-3-8-data-set-iitb/exp-integration-simpsons-rule-3-8-data-set-iitb/experiment/simulation/js/ts_simulation/trap.js
   4:10  warning  'generate_data' is defined but never used  no-unused-vars
  11:10  warning  'trap' is defined but never used           no-unused-vars
  19:10  warning  'sim1by3' is defined but never used        no-unused-vars
  27:10  warning  'sim3by8' is defined but never used        no-unused-vars

✖ 91 problems (0 errors, 91 warnings)

